{"message":"connected to mongodb...","level":"info","timestamp":"2021-01-26T06:58:55.684Z"}
{"message":"demo error occured","level":"error","timestamp":"2021-01-26T06:59:08.407Z"}
{"message":"connected to mongodb...","level":"info","timestamp":"2021-01-26T07:00:12.584Z"}
{"level":"error","timestamp":"2021-01-26T07:00:14.900Z"}
{"level":"error","timestamp":"2021-01-26T07:01:13.490Z"}
{"message":"connected to mongodb...","level":"info","timestamp":"2021-01-26T07:01:51.044Z"}
{"level":"error","message":"demo error occured demo error occured","stack":"Error: demo error occured\n    at /Users/abhishekkumar/workspace/Projects/git-projects/franchise-cricket/routes/player.js:13:9","timestamp":"2021-01-26T07:01:53.188Z"}
{"message":"connected to mongodb...","level":"info","timestamp":"2021-01-26T07:03:09.639Z"}
{"level":"error","message":"demo error occured demo error occured","stack":"Error: demo error occured\n    at /Users/abhishekkumar/workspace/Projects/git-projects/franchise-cricket/routes/player.js:13:9","timestamp":"2021-01-26T07:03:16.842Z"}
{"message":"connected to mongodb...","level":"info","timestamp":"2021-01-26T07:04:04.659Z"}
{"message":"connected to mongodb...","level":"info","timestamp":"2021-01-26T07:05:06.846Z"}
{"message":"connected to mongodb...","level":"info","timestamp":"2021-01-26T07:05:40.035Z"}
{"message":"connected to mongodb...","level":"info","timestamp":"2021-01-26T07:05:59.961Z"}
{"message":"connected to mongodb...","level":"info","timestamp":"2021-01-26T07:06:03.938Z"}
{"level":"error","message":"demo error occured demo error occured","stack":"Error: demo error occured\n    at /Users/abhishekkumar/workspace/Projects/git-projects/franchise-cricket/routes/player.js:13:9","timestamp":"2021-01-26T07:06:08.740Z"}
{"message":"connected to mongodb...","level":"info","timestamp":"2021-01-26T07:07:16.403Z"}
{"message":"connected to mongodb...","level":"info","timestamp":"2021-01-26T07:07:21.279Z"}
{"message":"connected to mongodb...","level":"info","timestamp":"2021-01-26T07:14:41.549Z"}
{"message":"connected to mongodb...","level":"info","timestamp":"2021-01-26T07:25:07.975Z"}
{"message":"connected to mongodb...","level":"info","timestamp":"2021-01-26T07:28:56.436Z"}
{"message":"connected to mongodb...","level":"info","timestamp":"2021-01-26T07:29:16.736Z"}
{"message":"connected to mongodb...","level":"info","timestamp":"2021-01-26T07:29:36.806Z"}
{"level":"error","message":"demo error occured demo error occured","stack":"Error: demo error occured\n    at /Users/abhishekkumar/workspace/Projects/git-projects/franchise-cricket/routes/player.js:13:9","timestamp":"2021-01-26T07:29:44.937Z"}
{"message":"connected to mongodb...","level":"info","timestamp":"2021-01-26T07:52:19.328Z"}
{"message":"connected to mongodb...","level":"info","timestamp":"2021-01-26T08:01:48.734Z"}
{"message":"connected to mongodb...","level":"info","timestamp":"2021-01-26T08:03:00.838Z"}
{"level":"error","message":"demo error occured demo error occured","stack":"Error: demo error occured\n    at /Users/abhishekkumar/workspace/Projects/git-projects/franchise-cricket/routes/users.js:41:9\n    at newFn (/Users/abhishekkumar/workspace/Projects/git-projects/franchise-cricket/node_modules/express-async-errors/index.js:16:20)\n    at Layer.handle [as handle_request] (/Users/abhishekkumar/workspace/Projects/git-projects/franchise-cricket/node_modules/express/lib/router/layer.js:95:5)\n    at next (/Users/abhishekkumar/workspace/Projects/git-projects/franchise-cricket/node_modules/express/lib/router/route.js:137:13)\n    at module.exports (/Users/abhishekkumar/workspace/Projects/git-projects/franchise-cricket/middleware/admin.js:3:3)\n    at newFn (/Users/abhishekkumar/workspace/Projects/git-projects/franchise-cricket/node_modules/express-async-errors/index.js:16:20)\n    at Layer.handle [as handle_request] (/Users/abhishekkumar/workspace/Projects/git-projects/franchise-cricket/node_modules/express/lib/router/layer.js:95:5)\n    at next (/Users/abhishekkumar/workspace/Projects/git-projects/franchise-cricket/node_modules/express/lib/router/route.js:137:13)\n    at module.exports (/Users/abhishekkumar/workspace/Projects/git-projects/franchise-cricket/middleware/auth.js:11:5)\n    at newFn (/Users/abhishekkumar/workspace/Projects/git-projects/franchise-cricket/node_modules/express-async-errors/index.js:16:20)\n    at Layer.handle [as handle_request] (/Users/abhishekkumar/workspace/Projects/git-projects/franchise-cricket/node_modules/express/lib/router/layer.js:95:5)\n    at next (/Users/abhishekkumar/workspace/Projects/git-projects/franchise-cricket/node_modules/express/lib/router/route.js:137:13)\n    at Route.dispatch (/Users/abhishekkumar/workspace/Projects/git-projects/franchise-cricket/node_modules/express/lib/router/route.js:112:3)\n    at newFn (/Users/abhishekkumar/workspace/Projects/git-projects/franchise-cricket/node_modules/express-async-errors/index.js:16:20)\n    at Layer.handle [as handle_request] (/Users/abhishekkumar/workspace/Projects/git-projects/franchise-cricket/node_modules/express/lib/router/layer.js:95:5)\n    at /Users/abhishekkumar/workspace/Projects/git-projects/franchise-cricket/node_modules/express/lib/router/index.js:281:22\n    at Function.process_params (/Users/abhishekkumar/workspace/Projects/git-projects/franchise-cricket/node_modules/express/lib/router/index.js:335:12)\n    at next (/Users/abhishekkumar/workspace/Projects/git-projects/franchise-cricket/node_modules/express/lib/router/index.js:275:10)\n    at Function.handle (/Users/abhishekkumar/workspace/Projects/git-projects/franchise-cricket/node_modules/express/lib/router/index.js:174:3)\n    at router (/Users/abhishekkumar/workspace/Projects/git-projects/franchise-cricket/node_modules/express/lib/router/index.js:47:12)\n    at newFn (/Users/abhishekkumar/workspace/Projects/git-projects/franchise-cricket/node_modules/express-async-errors/index.js:16:20)\n    at Layer.handle [as handle_request] (/Users/abhishekkumar/workspace/Projects/git-projects/franchise-cricket/node_modules/express/lib/router/layer.js:95:5)","timestamp":"2021-01-26T08:03:17.964Z"}
{"message":"connected to mongodb...","level":"info","timestamp":"2021-01-26T08:11:07.046Z"}
{"message":"connected to mongodb...","level":"info","timestamp":"2021-01-26T08:11:21.039Z"}
{"message":"connected to mongodb...","level":"info","timestamp":"2021-01-26T08:30:15.446Z"}
{"message":"connected to mongodb...","level":"info","timestamp":"2021-01-26T08:30:26.892Z"}
{"message":"connected to mongodb...","level":"info","timestamp":"2021-01-26T08:32:03.984Z"}
{"message":"connected to mongodb...","level":"info","timestamp":"2021-01-26T08:35:25.106Z"}
{"message":"connected to mongodb...","level":"info","timestamp":"2021-01-26T08:36:21.472Z"}
{"message":"connected to mongodb...","level":"info","timestamp":"2021-01-26T08:39:33.808Z"}
{"message":"connected to mongodb...","level":"info","timestamp":"2021-01-26T08:40:30.657Z"}
{"message":"connected to mongodb...","level":"info","timestamp":"2021-01-26T08:40:47.619Z"}
{"message":"connected to mongodb...","level":"info","service":"user-service","timestamp":"2021-01-26T09:23:47.446Z"}
{"message":"connected to mongodb...","level":"info","service":"user-service","timestamp":"2021-01-26T09:23:51.929Z"}
{"message":"Listening on port 6000","level":"info","service":"user-service","timestamp":"2021-01-26T09:24:51.151Z"}
{"message":"connected to mongodb...","level":"info","service":"user-service","timestamp":"2021-01-26T09:24:51.169Z"}
{"service":"user-service","level":"error","message":"demo error occured demo error occured","stack":"Error: demo error occured\n    at /Users/abhishekkumar/workspace/Projects/git-projects/franchise-cricket/routes/users.js:41:9\n    at newFn (/Users/abhishekkumar/workspace/Projects/git-projects/franchise-cricket/node_modules/express-async-errors/index.js:16:20)\n    at Layer.handle [as handle_request] (/Users/abhishekkumar/workspace/Projects/git-projects/franchise-cricket/node_modules/express/lib/router/layer.js:95:5)\n    at next (/Users/abhishekkumar/workspace/Projects/git-projects/franchise-cricket/node_modules/express/lib/router/route.js:137:13)\n    at module.exports (/Users/abhishekkumar/workspace/Projects/git-projects/franchise-cricket/middleware/admin.js:3:3)\n    at newFn (/Users/abhishekkumar/workspace/Projects/git-projects/franchise-cricket/node_modules/express-async-errors/index.js:16:20)\n    at Layer.handle [as handle_request] (/Users/abhishekkumar/workspace/Projects/git-projects/franchise-cricket/node_modules/express/lib/router/layer.js:95:5)\n    at next (/Users/abhishekkumar/workspace/Projects/git-projects/franchise-cricket/node_modules/express/lib/router/route.js:137:13)\n    at module.exports (/Users/abhishekkumar/workspace/Projects/git-projects/franchise-cricket/middleware/auth.js:11:5)\n    at newFn (/Users/abhishekkumar/workspace/Projects/git-projects/franchise-cricket/node_modules/express-async-errors/index.js:16:20)\n    at Layer.handle [as handle_request] (/Users/abhishekkumar/workspace/Projects/git-projects/franchise-cricket/node_modules/express/lib/router/layer.js:95:5)\n    at next (/Users/abhishekkumar/workspace/Projects/git-projects/franchise-cricket/node_modules/express/lib/router/route.js:137:13)\n    at Route.dispatch (/Users/abhishekkumar/workspace/Projects/git-projects/franchise-cricket/node_modules/express/lib/router/route.js:112:3)\n    at newFn (/Users/abhishekkumar/workspace/Projects/git-projects/franchise-cricket/node_modules/express-async-errors/index.js:16:20)\n    at Layer.handle [as handle_request] (/Users/abhishekkumar/workspace/Projects/git-projects/franchise-cricket/node_modules/express/lib/router/layer.js:95:5)\n    at /Users/abhishekkumar/workspace/Projects/git-projects/franchise-cricket/node_modules/express/lib/router/index.js:281:22\n    at Function.process_params (/Users/abhishekkumar/workspace/Projects/git-projects/franchise-cricket/node_modules/express/lib/router/index.js:335:12)\n    at next (/Users/abhishekkumar/workspace/Projects/git-projects/franchise-cricket/node_modules/express/lib/router/index.js:275:10)\n    at Function.handle (/Users/abhishekkumar/workspace/Projects/git-projects/franchise-cricket/node_modules/express/lib/router/index.js:174:3)\n    at router (/Users/abhishekkumar/workspace/Projects/git-projects/franchise-cricket/node_modules/express/lib/router/index.js:47:12)\n    at newFn (/Users/abhishekkumar/workspace/Projects/git-projects/franchise-cricket/node_modules/express-async-errors/index.js:16:20)\n    at Layer.handle [as handle_request] (/Users/abhishekkumar/workspace/Projects/git-projects/franchise-cricket/node_modules/express/lib/router/layer.js:95:5)","timestamp":"2021-01-26T09:25:55.595Z"}
{"message":"Listening on port 6000","level":"info","timestamp":"2021-01-26T09:26:24.233Z"}
{"message":"connected to mongodb...","level":"info","timestamp":"2021-01-26T09:26:24.250Z"}
{"message":"Listening on port 6000","level":"info","timestamp":"2021-01-26T10:01:00.136Z"}
{"message":"connected to mongodb...","level":"info","timestamp":"2021-01-26T10:01:00.154Z"}
{"message":"Listening on port 6000","level":"info","timestamp":"2021-01-26T10:01:12.036Z"}
{"message":"connected to mongodb...","level":"info","timestamp":"2021-01-26T10:01:12.053Z"}
{"message":"Listening on port 6000","level":"info","timestamp":"2021-01-26T10:01:23.774Z"}
{"message":"connected to mongodb...","level":"info","timestamp":"2021-01-26T10:01:23.792Z"}
{"message":"Listening on port 6000","level":"info","timestamp":"2021-01-26T10:01:50.463Z"}
{"message":"connected to mongodb...","level":"info","timestamp":"2021-01-26T10:01:50.485Z"}
{"level":"error","message":"Invalid select: select only takes 1 argument Invalid select: select only takes 1 argument","stack":"Error: Invalid select: select only takes 1 argument\n    at model.Query.select (/Users/abhishekkumar/workspace/Projects/git-projects/franchise-cricket/node_modules/mongoose/lib/query.js:951:11)\n    at /Users/abhishekkumar/workspace/Projects/git-projects/franchise-cricket/routes/users.js:41:53\n    at newFn (/Users/abhishekkumar/workspace/Projects/git-projects/franchise-cricket/node_modules/express-async-errors/index.js:16:20)\n    at Layer.handle [as handle_request] (/Users/abhishekkumar/workspace/Projects/git-projects/franchise-cricket/node_modules/express/lib/router/layer.js:95:5)\n    at next (/Users/abhishekkumar/workspace/Projects/git-projects/franchise-cricket/node_modules/express/lib/router/route.js:137:13)\n    at module.exports (/Users/abhishekkumar/workspace/Projects/git-projects/franchise-cricket/middleware/admin.js:3:3)\n    at newFn (/Users/abhishekkumar/workspace/Projects/git-projects/franchise-cricket/node_modules/express-async-errors/index.js:16:20)\n    at Layer.handle [as handle_request] (/Users/abhishekkumar/workspace/Projects/git-projects/franchise-cricket/node_modules/express/lib/router/layer.js:95:5)\n    at next (/Users/abhishekkumar/workspace/Projects/git-projects/franchise-cricket/node_modules/express/lib/router/route.js:137:13)\n    at module.exports (/Users/abhishekkumar/workspace/Projects/git-projects/franchise-cricket/middleware/auth.js:11:5)\n    at newFn (/Users/abhishekkumar/workspace/Projects/git-projects/franchise-cricket/node_modules/express-async-errors/index.js:16:20)\n    at Layer.handle [as handle_request] (/Users/abhishekkumar/workspace/Projects/git-projects/franchise-cricket/node_modules/express/lib/router/layer.js:95:5)\n    at next (/Users/abhishekkumar/workspace/Projects/git-projects/franchise-cricket/node_modules/express/lib/router/route.js:137:13)\n    at Route.dispatch (/Users/abhishekkumar/workspace/Projects/git-projects/franchise-cricket/node_modules/express/lib/router/route.js:112:3)\n    at newFn (/Users/abhishekkumar/workspace/Projects/git-projects/franchise-cricket/node_modules/express-async-errors/index.js:16:20)\n    at Layer.handle [as handle_request] (/Users/abhishekkumar/workspace/Projects/git-projects/franchise-cricket/node_modules/express/lib/router/layer.js:95:5)\n    at /Users/abhishekkumar/workspace/Projects/git-projects/franchise-cricket/node_modules/express/lib/router/index.js:281:22\n    at Function.process_params (/Users/abhishekkumar/workspace/Projects/git-projects/franchise-cricket/node_modules/express/lib/router/index.js:335:12)\n    at next (/Users/abhishekkumar/workspace/Projects/git-projects/franchise-cricket/node_modules/express/lib/router/index.js:275:10)\n    at Function.handle (/Users/abhishekkumar/workspace/Projects/git-projects/franchise-cricket/node_modules/express/lib/router/index.js:174:3)\n    at router (/Users/abhishekkumar/workspace/Projects/git-projects/franchise-cricket/node_modules/express/lib/router/index.js:47:12)\n    at newFn (/Users/abhishekkumar/workspace/Projects/git-projects/franchise-cricket/node_modules/express-async-errors/index.js:16:20)","timestamp":"2021-01-26T10:01:52.607Z"}
{"message":"Listening on port 6000","level":"info","timestamp":"2021-01-26T10:02:00.528Z"}
{"message":"connected to mongodb...","level":"info","timestamp":"2021-01-26T10:02:00.544Z"}
{"level":"error","message":"Invalid select: select only takes 1 argument Invalid select: select only takes 1 argument","stack":"Error: Invalid select: select only takes 1 argument\n    at model.Query.select (/Users/abhishekkumar/workspace/Projects/git-projects/franchise-cricket/node_modules/mongoose/lib/query.js:951:11)\n    at /Users/abhishekkumar/workspace/Projects/git-projects/franchise-cricket/routes/users.js:41:53\n    at newFn (/Users/abhishekkumar/workspace/Projects/git-projects/franchise-cricket/node_modules/express-async-errors/index.js:16:20)\n    at Layer.handle [as handle_request] (/Users/abhishekkumar/workspace/Projects/git-projects/franchise-cricket/node_modules/express/lib/router/layer.js:95:5)\n    at next (/Users/abhishekkumar/workspace/Projects/git-projects/franchise-cricket/node_modules/express/lib/router/route.js:137:13)\n    at module.exports (/Users/abhishekkumar/workspace/Projects/git-projects/franchise-cricket/middleware/admin.js:3:3)\n    at newFn (/Users/abhishekkumar/workspace/Projects/git-projects/franchise-cricket/node_modules/express-async-errors/index.js:16:20)\n    at Layer.handle [as handle_request] (/Users/abhishekkumar/workspace/Projects/git-projects/franchise-cricket/node_modules/express/lib/router/layer.js:95:5)\n    at next (/Users/abhishekkumar/workspace/Projects/git-projects/franchise-cricket/node_modules/express/lib/router/route.js:137:13)\n    at module.exports (/Users/abhishekkumar/workspace/Projects/git-projects/franchise-cricket/middleware/auth.js:11:5)\n    at newFn (/Users/abhishekkumar/workspace/Projects/git-projects/franchise-cricket/node_modules/express-async-errors/index.js:16:20)\n    at Layer.handle [as handle_request] (/Users/abhishekkumar/workspace/Projects/git-projects/franchise-cricket/node_modules/express/lib/router/layer.js:95:5)\n    at next (/Users/abhishekkumar/workspace/Projects/git-projects/franchise-cricket/node_modules/express/lib/router/route.js:137:13)\n    at Route.dispatch (/Users/abhishekkumar/workspace/Projects/git-projects/franchise-cricket/node_modules/express/lib/router/route.js:112:3)\n    at newFn (/Users/abhishekkumar/workspace/Projects/git-projects/franchise-cricket/node_modules/express-async-errors/index.js:16:20)\n    at Layer.handle [as handle_request] (/Users/abhishekkumar/workspace/Projects/git-projects/franchise-cricket/node_modules/express/lib/router/layer.js:95:5)\n    at /Users/abhishekkumar/workspace/Projects/git-projects/franchise-cricket/node_modules/express/lib/router/index.js:281:22\n    at Function.process_params (/Users/abhishekkumar/workspace/Projects/git-projects/franchise-cricket/node_modules/express/lib/router/index.js:335:12)\n    at next (/Users/abhishekkumar/workspace/Projects/git-projects/franchise-cricket/node_modules/express/lib/router/index.js:275:10)\n    at Function.handle (/Users/abhishekkumar/workspace/Projects/git-projects/franchise-cricket/node_modules/express/lib/router/index.js:174:3)\n    at router (/Users/abhishekkumar/workspace/Projects/git-projects/franchise-cricket/node_modules/express/lib/router/index.js:47:12)\n    at newFn (/Users/abhishekkumar/workspace/Projects/git-projects/franchise-cricket/node_modules/express-async-errors/index.js:16:20)","timestamp":"2021-01-26T10:02:07.588Z"}
{"message":"Listening on port 6000","level":"info","timestamp":"2021-01-26T10:02:32.454Z"}
{"message":"connected to mongodb...","level":"info","timestamp":"2021-01-26T10:02:32.474Z"}
{"message":"Listening on port 6000","level":"info","timestamp":"2021-01-26T10:02:46.447Z"}
{"message":"connected to mongodb...","level":"info","timestamp":"2021-01-26T10:02:46.465Z"}
{"message":"Listening on port 6000","level":"info","timestamp":"2021-01-26T10:03:01.072Z"}
{"message":"connected to mongodb...","level":"info","timestamp":"2021-01-26T10:03:01.088Z"}
{"message":"Listening on port 6000","level":"info","timestamp":"2021-01-26T10:03:03.628Z"}
{"message":"connected to mongodb...","level":"info","timestamp":"2021-01-26T10:03:03.645Z"}
{"message":"Listening on port 6000","level":"info","timestamp":"2021-01-26T10:07:26.987Z"}
{"message":"connected to mongodb...","level":"info","timestamp":"2021-01-26T10:07:27.004Z"}
{"message":"Listening on port 6000","level":"info","timestamp":"2021-01-26T10:07:49.918Z"}
{"message":"connected to mongodb...","level":"info","timestamp":"2021-01-26T10:07:49.935Z"}
{"message":"Error: Invalid select: select only takes 1 argument\n    at model.Query.select (/Users/abhishekkumar/workspace/Projects/git-projects/franchise-cricket/node_modules/mongoose/lib/query.js:951:11)\n    at /Users/abhishekkumar/workspace/Projects/git-projects/franchise-cricket/routes/users.js:41:53\n    at newFn (/Users/abhishekkumar/workspace/Projects/git-projects/franchise-cricket/node_modules/express-async-errors/index.js:16:20)\n    at Layer.handle [as handle_request] (/Users/abhishekkumar/workspace/Projects/git-projects/franchise-cricket/node_modules/express/lib/router/layer.js:95:5)\n    at next (/Users/abhishekkumar/workspace/Projects/git-projects/franchise-cricket/node_modules/express/lib/router/route.js:137:13)\n    at module.exports (/Users/abhishekkumar/workspace/Projects/git-projects/franchise-cricket/middleware/admin.js:3:3)\n    at newFn (/Users/abhishekkumar/workspace/Projects/git-projects/franchise-cricket/node_modules/express-async-errors/index.js:16:20)\n    at Layer.handle [as handle_request] (/Users/abhishekkumar/workspace/Projects/git-projects/franchise-cricket/node_modules/express/lib/router/layer.js:95:5)\n    at next (/Users/abhishekkumar/workspace/Projects/git-projects/franchise-cricket/node_modules/express/lib/router/route.js:137:13)\n    at module.exports (/Users/abhishekkumar/workspace/Projects/git-projects/franchise-cricket/middleware/auth.js:11:5)\n    at newFn (/Users/abhishekkumar/workspace/Projects/git-projects/franchise-cricket/node_modules/express-async-errors/index.js:16:20)\n    at Layer.handle [as handle_request] (/Users/abhishekkumar/workspace/Projects/git-projects/franchise-cricket/node_modules/express/lib/router/layer.js:95:5)\n    at next (/Users/abhishekkumar/workspace/Projects/git-projects/franchise-cricket/node_modules/express/lib/router/route.js:137:13)\n    at Route.dispatch (/Users/abhishekkumar/workspace/Projects/git-projects/franchise-cricket/node_modules/express/lib/router/route.js:112:3)\n    at newFn (/Users/abhishekkumar/workspace/Projects/git-projects/franchise-cricket/node_modules/express-async-errors/index.js:16:20)\n    at Layer.handle [as handle_request] (/Users/abhishekkumar/workspace/Projects/git-projects/franchise-cricket/node_modules/express/lib/router/layer.js:95:5)\n    at /Users/abhishekkumar/workspace/Projects/git-projects/franchise-cricket/node_modules/express/lib/router/index.js:281:22\n    at Function.process_params (/Users/abhishekkumar/workspace/Projects/git-projects/franchise-cricket/node_modules/express/lib/router/index.js:335:12)\n    at next (/Users/abhishekkumar/workspace/Projects/git-projects/franchise-cricket/node_modules/express/lib/router/index.js:275:10)\n    at Function.handle (/Users/abhishekkumar/workspace/Projects/git-projects/franchise-cricket/node_modules/express/lib/router/index.js:174:3)\n    at router (/Users/abhishekkumar/workspace/Projects/git-projects/franchise-cricket/node_modules/express/lib/router/index.js:47:12)\n    at newFn (/Users/abhishekkumar/workspace/Projects/git-projects/franchise-cricket/node_modules/express-async-errors/index.js:16:20)","level":"error","timestamp":"2021-01-26T10:07:52.155Z"}
{"message":"Listening on port 6000","level":"info","timestamp":"2021-01-26T10:20:14.548Z"}
{"message":"connected to mongodb...","level":"info","timestamp":"2021-01-26T10:20:14.566Z"}
{"message":"Listening on port 6000","level":"info","timestamp":"2021-01-26T10:20:36.268Z"}
{"message":"connected to mongodb...","level":"info","timestamp":"2021-01-26T10:20:36.286Z"}
{"message":"Error: Invalid select: select only takes 1 argument\n    at model.Query.select (/Users/abhishekkumar/workspace/Projects/git-projects/franchise-cricket/node_modules/mongoose/lib/query.js:951:11)\n    at /Users/abhishekkumar/workspace/Projects/git-projects/franchise-cricket/routes/users.js:41:53\n    at newFn (/Users/abhishekkumar/workspace/Projects/git-projects/franchise-cricket/node_modules/express-async-errors/index.js:16:20)\n    at Layer.handle [as handle_request] (/Users/abhishekkumar/workspace/Projects/git-projects/franchise-cricket/node_modules/express/lib/router/layer.js:95:5)\n    at next (/Users/abhishekkumar/workspace/Projects/git-projects/franchise-cricket/node_modules/express/lib/router/route.js:137:13)\n    at module.exports (/Users/abhishekkumar/workspace/Projects/git-projects/franchise-cricket/middleware/admin.js:3:3)\n    at newFn (/Users/abhishekkumar/workspace/Projects/git-projects/franchise-cricket/node_modules/express-async-errors/index.js:16:20)\n    at Layer.handle [as handle_request] (/Users/abhishekkumar/workspace/Projects/git-projects/franchise-cricket/node_modules/express/lib/router/layer.js:95:5)\n    at next (/Users/abhishekkumar/workspace/Projects/git-projects/franchise-cricket/node_modules/express/lib/router/route.js:137:13)\n    at module.exports (/Users/abhishekkumar/workspace/Projects/git-projects/franchise-cricket/middleware/auth.js:11:5)\n    at newFn (/Users/abhishekkumar/workspace/Projects/git-projects/franchise-cricket/node_modules/express-async-errors/index.js:16:20)\n    at Layer.handle [as handle_request] (/Users/abhishekkumar/workspace/Projects/git-projects/franchise-cricket/node_modules/express/lib/router/layer.js:95:5)\n    at next (/Users/abhishekkumar/workspace/Projects/git-projects/franchise-cricket/node_modules/express/lib/router/route.js:137:13)\n    at Route.dispatch (/Users/abhishekkumar/workspace/Projects/git-projects/franchise-cricket/node_modules/express/lib/router/route.js:112:3)\n    at newFn (/Users/abhishekkumar/workspace/Projects/git-projects/franchise-cricket/node_modules/express-async-errors/index.js:16:20)\n    at Layer.handle [as handle_request] (/Users/abhishekkumar/workspace/Projects/git-projects/franchise-cricket/node_modules/express/lib/router/layer.js:95:5)\n    at /Users/abhishekkumar/workspace/Projects/git-projects/franchise-cricket/node_modules/express/lib/router/index.js:281:22\n    at Function.process_params (/Users/abhishekkumar/workspace/Projects/git-projects/franchise-cricket/node_modules/express/lib/router/index.js:335:12)\n    at next (/Users/abhishekkumar/workspace/Projects/git-projects/franchise-cricket/node_modules/express/lib/router/index.js:275:10)\n    at Function.handle (/Users/abhishekkumar/workspace/Projects/git-projects/franchise-cricket/node_modules/express/lib/router/index.js:174:3)\n    at router (/Users/abhishekkumar/workspace/Projects/git-projects/franchise-cricket/node_modules/express/lib/router/index.js:47:12)\n    at newFn (/Users/abhishekkumar/workspace/Projects/git-projects/franchise-cricket/node_modules/express-async-errors/index.js:16:20)","level":"error","timestamp":"2021-01-26T10:20:42.755Z"}
{"message":"Listening on port 6000","level":"info","timestamp":"2021-01-26T10:21:04.953Z"}
{"message":"connected to mongodb...","level":"info","timestamp":"2021-01-26T10:21:04.970Z"}
{"message":"Listening on port 6000","level":"info","timestamp":"2021-01-26T10:21:27.443Z"}
{"message":"connected to mongodb...","level":"info","timestamp":"2021-01-26T10:21:27.460Z"}
{"message":"Listening on port 6000","level":"info","timestamp":"2021-01-26T10:24:11.786Z"}
{"message":"connected to mongodb...","level":"info","timestamp":"2021-01-26T10:24:11.805Z"}
{"message":"Listening on port 6000","level":"info","timestamp":"2021-01-26T10:24:39.905Z"}
{"message":"connected to mongodb...","level":"info","timestamp":"2021-01-26T10:24:39.923Z"}
{"message":"Listening on port 6000","level":"info","timestamp":"2021-01-26T10:26:06.163Z"}
{"message":"connected to mongodb...","level":"info","timestamp":"2021-01-26T10:26:06.179Z"}
{"message":"Listening on port 6000","level":"info","timestamp":"2021-01-26T10:27:21.132Z"}
{"message":"connected to mongodb...","level":"info","timestamp":"2021-01-26T10:27:21.150Z"}
{"message":"Listening on port 6000","level":"info","timestamp":"2021-01-26T10:27:54.578Z"}
{"message":"connected to mongodb...","level":"info","timestamp":"2021-01-26T10:27:54.598Z"}
{"message":"Listening on port 6000","level":"info","timestamp":"2021-01-26T10:28:01.855Z"}
{"message":"connected to mongodb...","level":"info","timestamp":"2021-01-26T10:28:01.872Z"}
{"message":"Listening on port 6000","level":"info","timestamp":"2021-01-26T10:28:28.222Z"}
{"message":"connected to mongodb...","level":"info","timestamp":"2021-01-26T10:28:28.238Z"}
{"message":"Listening on port 6000","level":"info","timestamp":"2021-01-26T10:28:50.546Z"}
{"message":"connected to mongodb...","level":"info","timestamp":"2021-01-26T10:28:50.564Z"}
{"message":"Listening on port 6000","level":"info","timestamp":"2021-01-26T10:30:02.816Z"}
{"message":"connected to mongodb...","level":"info","timestamp":"2021-01-26T10:30:02.832Z"}
{"message":"node demo error","level":"error","timestamp":"2021-01-26T10:34:18.374Z"}
{"message":"Error: node demo error\n    at Object.<anonymous> (/Users/abhishekkumar/workspace/Projects/git-projects/franchise-cricket/index.js:8:7)\n    at Module._compile (internal/modules/cjs/loader.js:1138:30)\n    at Object.Module._extensions..js (internal/modules/cjs/loader.js:1158:10)\n    at Module.load (internal/modules/cjs/loader.js:986:32)\n    at Function.Module._load (internal/modules/cjs/loader.js:879:14)\n    at Function.executeUserEntryPoint [as runMain] (internal/modules/run_main.js:71:12)\n    at internal/main/run_main_module.js:17:47","level":"error","timestamp":"2021-01-26T10:34:46.428Z"}
{"level":"error","timestamp":"2021-01-26T10:35:05.648Z"}
{"message":"node demo error","level":"error","timestamp":"2021-01-26T10:36:25.429Z"}
{"message":"node demo error","level":"error","timestamp":"2021-01-26T10:37:05.718Z"}
{"message":"node demo error","level":"error","timestamp":"2021-01-26T10:38:46.738Z"}
{"message":"node demo error","level":"error","timestamp":"2021-01-26T10:39:04.861Z"}
{"message":"node demo error","level":"error","timestamp":"2021-01-26T10:39:16.635Z"}
{"message":"node demo error","level":"error","timestamp":"2021-01-26T10:39:57.124Z"}
{"message":"node demo error","level":"error","timestamp":"2021-01-26T10:40:11.367Z"}
{"message":"node demo error","level":"error","timestamp":"2021-01-26T10:40:50.669Z"}
{"message":"Listening on port 6000","level":"info","timestamp":"2021-01-26T10:41:20.134Z"}
{"message":"connected to mongodb...","level":"info","timestamp":"2021-01-26T10:41:20.155Z"}
{"message":"Listening on port 6000","level":"info","timestamp":"2021-01-26T10:41:41.644Z"}
{"message":"connected to mongodb...","level":"info","timestamp":"2021-01-26T10:41:41.663Z"}
{"message":"Listening on port 6000","level":"info","timestamp":"2021-01-26T10:42:07.793Z"}
{"message":"connected to mongodb...","level":"info","timestamp":"2021-01-26T10:42:07.812Z"}
{"message":"Listening on port 7000","level":"info","timestamp":"2021-01-26T10:45:36.062Z"}
{"message":"connected to mongodb...","level":"info","timestamp":"2021-01-26T10:45:36.079Z"}
{"message":"Listening on port 6000","level":"info","timestamp":"2021-01-26T10:47:29.587Z"}
{"message":"connected to mongodb...","level":"info","timestamp":"2021-01-26T10:47:29.604Z"}
{"message":"Listening on port 6000","level":"info","timestamp":"2021-01-26T10:48:34.222Z"}
{"message":"connected to mongodb...","level":"info","timestamp":"2021-01-26T10:48:34.242Z"}
{"message":"Listening on port 6000","level":"info","timestamp":"2021-01-26T10:49:24.315Z"}
{"message":"connected to mongodb...","level":"info","timestamp":"2021-01-26T10:49:24.334Z"}
{"message":"Listening on port 6000","level":"info","timestamp":"2021-01-26T10:49:35.025Z"}
{"message":"connected to mongodb...","level":"info","timestamp":"2021-01-26T10:49:35.043Z"}
{"message":"Listening on port 6000","level":"info","timestamp":"2021-01-26T10:58:05.489Z"}
{"message":"connected to mongodb...","level":"info","timestamp":"2021-01-26T10:58:05.503Z"}
{"message":"Listening on port 6000","level":"info","timestamp":"2021-01-26T10:58:45.056Z"}
{"message":"connected to mongodb...","level":"info","timestamp":"2021-01-26T10:58:45.071Z"}
{"message":"Listening on port 6000","level":"info","timestamp":"2021-01-26T10:59:07.779Z"}
{"message":"connected to mongodb...","level":"info","timestamp":"2021-01-26T10:59:07.799Z"}
{"message":"Listening on port 6000","level":"info","timestamp":"2021-01-26T10:59:15.823Z"}
{"message":"connected to mongodb...","level":"info","timestamp":"2021-01-26T10:59:15.839Z"}
{"message":"Listening on port 6000","level":"info","timestamp":"2021-01-26T10:59:29.856Z"}
{"message":"connected to mongodb...","level":"info","timestamp":"2021-01-26T10:59:29.876Z"}
{"message":"Listening on port 6000","level":"info","timestamp":"2021-01-26T10:59:32.129Z"}
{"message":"connected to mongodb...","level":"info","timestamp":"2021-01-26T10:59:32.148Z"}
{"message":"Cannot find module '../middleware/teamManager'\nRequire stack:\n- /Users/abhishekkumar/workspace/Projects/git-projects/franchise-cricket/routes/team.js\n- /Users/abhishekkumar/workspace/Projects/git-projects/franchise-cricket/startup/routes.js\n- /Users/abhishekkumar/workspace/Projects/git-projects/franchise-cricket/index.js","level":"error","timestamp":"2021-01-26T11:02:50.694Z"}
{"message":"connected to mongodb...","level":"info","timestamp":"2021-01-26T11:02:50.711Z"}
{"message":"Listening on port 6000","level":"info","timestamp":"2021-01-26T11:03:13.174Z"}
{"message":"connected to mongodb...","level":"info","timestamp":"2021-01-26T11:03:13.194Z"}
{"message":"Cannot find module '../middleware/auth'\nRequire stack:\n- /Users/abhishekkumar/workspace/Projects/git-projects/franchise-cricket/routes/player.js\n- /Users/abhishekkumar/workspace/Projects/git-projects/franchise-cricket/startup/routes.js\n- /Users/abhishekkumar/workspace/Projects/git-projects/franchise-cricket/index.js","level":"error","timestamp":"2021-01-26T11:03:23.744Z"}
{"message":"connected to mongodb...","level":"info","timestamp":"2021-01-26T11:03:23.760Z"}
{"message":"Cannot find module '../middleware/auth'\nRequire stack:\n- /Users/abhishekkumar/workspace/Projects/git-projects/franchise-cricket/routes/player.js\n- /Users/abhishekkumar/workspace/Projects/git-projects/franchise-cricket/startup/routes.js\n- /Users/abhishekkumar/workspace/Projects/git-projects/franchise-cricket/index.js","level":"error","timestamp":"2021-01-26T11:03:40.431Z"}
{"message":"connected to mongodb...","level":"info","timestamp":"2021-01-26T11:03:40.450Z"}
{"message":"Cannot find module '../middleware/auth'\nRequire stack:\n- /Users/abhishekkumar/workspace/Projects/git-projects/franchise-cricket/routes/player.js\n- /Users/abhishekkumar/workspace/Projects/git-projects/franchise-cricket/startup/routes.js\n- /Users/abhishekkumar/workspace/Projects/git-projects/franchise-cricket/index.js","level":"error","timestamp":"2021-01-26T11:03:45.196Z"}
{"message":"connected to mongodb...","level":"info","timestamp":"2021-01-26T11:03:45.211Z"}
{"message":"Listening on port 6000","level":"info","timestamp":"2021-01-26T11:03:59.104Z"}
{"message":"connected to mongodb...","level":"info","timestamp":"2021-01-26T11:03:59.122Z"}
{"message":"Listening on port 6000","level":"info","timestamp":"2021-01-26T11:05:01.559Z"}
{"message":"connected to mongodb...","level":"info","timestamp":"2021-01-26T11:05:01.575Z"}
{"message":"Listening on port 6000","level":"info","timestamp":"2021-01-26T11:06:55.096Z"}
{"message":"connected to mongodb...","level":"info","timestamp":"2021-01-26T11:06:55.114Z"}
{"message":"Listening on port 6000 in undefined","level":"info","timestamp":"2021-01-26T11:08:01.673Z"}
{"message":"connected to mongodb...","level":"info","timestamp":"2021-01-26T11:08:01.693Z"}
{"message":"Listening on port 6000 in development","level":"info","timestamp":"2021-01-26T11:08:26.180Z"}
{"message":"connected to mongodb...","level":"info","timestamp":"2021-01-26T11:08:26.198Z"}
{"message":"Listening on port: 6000 ; ENV: development","level":"info","timestamp":"2021-01-26T11:09:09.543Z"}
{"message":"connected to mongodb...","level":"info","timestamp":"2021-01-26T11:09:09.563Z"}
